The system is: Linux - 4.2.0-34-generic - x86_64
Compiling the C compiler identification source file "CMakeCCompilerId.c" succeeded.
Compiler: /usr/bin/cc 
Build flags: 
Id flags: 

The output was:
0


Compilation of the C compiler identification source "CMakeCCompilerId.c" produced "a.out"

The C compiler identification is GNU, found in "/home/lewin/Projekty/C++/Caterpillars/Caterpillars/build/CMakeFiles/3.2.2/CompilerIdC/a.out"

Compiling the CXX compiler identification source file "CMakeCXXCompilerId.cpp" succeeded.
Compiler: /usr/bin/c++ 
Build flags: 
Id flags: 

The output was:
0


Compilation of the CXX compiler identification source "CMakeCXXCompilerId.cpp" produced "a.out"

The CXX compiler identification is GNU, found in "/home/lewin/Projekty/C++/Caterpillars/Caterpillars/build/CMakeFiles/3.2.2/CompilerIdCXX/a.out"

Determining if the C compiler works passed with the following output:
Change Dir: /home/lewin/Projekty/C++/Caterpillars/Caterpillars/build/CMakeFiles/CMakeTmp

Run Build Command:"/usr/bin/make" "cmTryCompileExec3147331913/fast"
/usr/bin/make -f CMakeFiles/cmTryCompileExec3147331913.dir/build.make CMakeFiles/cmTryCompileExec3147331913.dir/build
make[1]: Entering directory '/home/lewin/Projekty/C++/Caterpillars/Caterpillars/build/CMakeFiles/CMakeTmp'
/usr/bin/cmake -E cmake_progress_report /home/lewin/Projekty/C++/Caterpillars/Caterpillars/build/CMakeFiles/CMakeTmp/CMakeFiles 1
Building C object CMakeFiles/cmTryCompileExec3147331913.dir/testCCompiler.c.o
/usr/bin/cc    -o CMakeFiles/cmTryCompileExec3147331913.dir/testCCompiler.c.o   -c /home/lewin/Projekty/C++/Caterpillars/Caterpillars/build/CMakeFiles/CMakeTmp/testCCompiler.c
Linking C executable cmTryCompileExec3147331913
/usr/bin/cmake -E cmake_link_script CMakeFiles/cmTryCompileExec3147331913.dir/link.txt --verbose=1
/usr/bin/cc       CMakeFiles/cmTryCompileExec3147331913.dir/testCCompiler.c.o  -o cmTryCompileExec3147331913 -rdynamic 
make[1]: Leaving directory '/home/lewin/Projekty/C++/Caterpillars/Caterpillars/build/CMakeFiles/CMakeTmp'


Detecting C compiler ABI info compiled with the following output:
Change Dir: /home/lewin/Projekty/C++/Caterpillars/Caterpillars/build/CMakeFiles/CMakeTmp

Run Build Command:"/usr/bin/make" "cmTryCompileExec4251580490/fast"
/usr/bin/make -f CMakeFiles/cmTryCompileExec4251580490.dir/build.make CMakeFiles/cmTryCompileExec4251580490.dir/build
make[1]: Entering directory '/home/lewin/Projekty/C++/Caterpillars/Caterpillars/build/CMakeFiles/CMakeTmp'
/usr/bin/cmake -E cmake_progress_report /home/lewin/Projekty/C++/Caterpillars/Caterpillars/build/CMakeFiles/CMakeTmp/CMakeFiles 1
Building C object CMakeFiles/cmTryCompileExec4251580490.dir/CMakeCCompilerABI.c.o
/usr/bin/cc    -o CMakeFiles/cmTryCompileExec4251580490.dir/CMakeCCompilerABI.c.o   -c /usr/share/cmake-3.2/Modules/CMakeCCompilerABI.c
Linking C executable cmTryCompileExec4251580490
/usr/bin/cmake -E cmake_link_script CMakeFiles/cmTryCompileExec4251580490.dir/link.txt --verbose=1
/usr/bin/cc      -v CMakeFiles/cmTryCompileExec4251580490.dir/CMakeCCompilerABI.c.o  -o cmTryCompileExec4251580490 -rdynamic  
Using built-in specs.
COLLECT_GCC=/usr/bin/cc
COLLECT_LTO_WRAPPER=/opt/gcc-5.3.1/libexec/gcc/x86_64-unknown-linux-gnu/5.3.1/lto-wrapper
Target: x86_64-unknown-linux-gnu
Configured with: /home/ext73/Pobrane/gcc-5-20160216/./configure --prefix=/opt/gcc-5.3.1/ --enable-lto --enable-tls --with-plugin-ld=/opt/binutils-2.26/bin/ld --disable-nls --enable-languages=c,c++ --disable-multilib --disable-bootstrap --disable-libstdcxx-pch --enable-threads=posix --enable-__cxa_atexit --enable-gnu-indirect-function --disable-libunwind-exceptions --enable-clocale=gnu --disable-libssp --enable-gnu-unique-object --enable-linker-build-id --enable-cloog-backend=isl --disable-isl-version-check --enable-plugin --enable-install-libiberty --with-linker-hash-style=gnu --disable-werror --disable-libcc1 --enable-checking=release --with-pkgversion=eXt73-build_v11.9
Thread model: posix
gcc version 5.3.1 20160216 (eXt73-build_v11.9) 
COMPILER_PATH=/opt/gcc-5.3.1/libexec/gcc/x86_64-unknown-linux-gnu/5.3.1/:/opt/gcc-5.3.1/libexec/gcc/x86_64-unknown-linux-gnu/5.3.1/:/opt/gcc-5.3.1/libexec/gcc/x86_64-unknown-linux-gnu/:/opt/gcc-5.3.1/lib/gcc/x86_64-unknown-linux-gnu/5.3.1/:/opt/gcc-5.3.1/lib/gcc/x86_64-unknown-linux-gnu/
LIBRARY_PATH=/opt/gcc-5.3.1/lib/gcc/x86_64-unknown-linux-gnu/5.3.1/:/opt/gcc-5.3.1/lib/gcc/x86_64-unknown-linux-gnu/5.3.1/../../../../lib64/:/lib/x86_64-linux-gnu/:/lib/../lib64/:/usr/lib/x86_64-linux-gnu/:/usr/lib/../lib64/:/opt/gcc-5.3.1/lib/gcc/x86_64-unknown-linux-gnu/5.3.1/../../../:/lib/:/usr/lib/
COLLECT_GCC_OPTIONS='-v' '-o' 'cmTryCompileExec4251580490' '-rdynamic' '-mtune=generic' '-march=x86-64'
 /opt/gcc-5.3.1/libexec/gcc/x86_64-unknown-linux-gnu/5.3.1/collect2 -plugin /opt/gcc-5.3.1/libexec/gcc/x86_64-unknown-linux-gnu/5.3.1/liblto_plugin.so -plugin-opt=/opt/gcc-5.3.1/libexec/gcc/x86_64-unknown-linux-gnu/5.3.1/lto-wrapper -plugin-opt=-fresolution=/tmp/cci0ZL4I.res -plugin-opt=-pass-through=-lgcc -plugin-opt=-pass-through=-lgcc_s -plugin-opt=-pass-through=-lc -plugin-opt=-pass-through=-lgcc -plugin-opt=-pass-through=-lgcc_s --build-id --eh-frame-hdr --hash-style=gnu -m elf_x86_64 -export-dynamic -dynamic-linker /lib64/ld-linux-x86-64.so.2 -o cmTryCompileExec4251580490 /usr/lib/x86_64-linux-gnu/crt1.o /usr/lib/x86_64-linux-gnu/crti.o /opt/gcc-5.3.1/lib/gcc/x86_64-unknown-linux-gnu/5.3.1/crtbegin.o -L/opt/gcc-5.3.1/lib/gcc/x86_64-unknown-linux-gnu/5.3.1 -L/opt/gcc-5.3.1/lib/gcc/x86_64-unknown-linux-gnu/5.3.1/../../../../lib64 -L/lib/x86_64-linux-gnu -L/lib/../lib64 -L/usr/lib/x86_64-linux-gnu -L/usr/lib/../lib64 -L/opt/gcc-5.3.1/lib/gcc/x86_64-unknown-linux-gnu/5.3.1/../../.. CMakeFiles/cmTryCompileExec4251580490.dir/CMakeCCompilerABI.c.o -lgcc --as-needed -lgcc_s --no-as-needed -lc -lgcc --as-needed -lgcc_s --no-as-needed /opt/gcc-5.3.1/lib/gcc/x86_64-unknown-linux-gnu/5.3.1/crtend.o /usr/lib/x86_64-linux-gnu/crtn.o
make[1]: Leaving directory '/home/lewin/Projekty/C++/Caterpillars/Caterpillars/build/CMakeFiles/CMakeTmp'


Parsed C implicit link information from above output:
  link line regex: [^( *|.*[/\])(ld|([^/\]+-)?ld|collect2)[^/\]*( |$)]
  ignore line: [Change Dir: /home/lewin/Projekty/C++/Caterpillars/Caterpillars/build/CMakeFiles/CMakeTmp]
  ignore line: []
  ignore line: [Run Build Command:"/usr/bin/make" "cmTryCompileExec4251580490/fast"]
  ignore line: [/usr/bin/make -f CMakeFiles/cmTryCompileExec4251580490.dir/build.make CMakeFiles/cmTryCompileExec4251580490.dir/build]
  ignore line: [make[1]: Entering directory '/home/lewin/Projekty/C++/Caterpillars/Caterpillars/build/CMakeFiles/CMakeTmp']
  ignore line: [/usr/bin/cmake -E cmake_progress_report /home/lewin/Projekty/C++/Caterpillars/Caterpillars/build/CMakeFiles/CMakeTmp/CMakeFiles 1]
  ignore line: [Building C object CMakeFiles/cmTryCompileExec4251580490.dir/CMakeCCompilerABI.c.o]
  ignore line: [/usr/bin/cc    -o CMakeFiles/cmTryCompileExec4251580490.dir/CMakeCCompilerABI.c.o   -c /usr/share/cmake-3.2/Modules/CMakeCCompilerABI.c]
  ignore line: [Linking C executable cmTryCompileExec4251580490]
  ignore line: [/usr/bin/cmake -E cmake_link_script CMakeFiles/cmTryCompileExec4251580490.dir/link.txt --verbose=1]
  ignore line: [/usr/bin/cc      -v CMakeFiles/cmTryCompileExec4251580490.dir/CMakeCCompilerABI.c.o  -o cmTryCompileExec4251580490 -rdynamic  ]
  ignore line: [Using built-in specs.]
  ignore line: [COLLECT_GCC=/usr/bin/cc]
  ignore line: [COLLECT_LTO_WRAPPER=/opt/gcc-5.3.1/libexec/gcc/x86_64-unknown-linux-gnu/5.3.1/lto-wrapper]
  ignore line: [Target: x86_64-unknown-linux-gnu]
  ignore line: [Configured with: /home/ext73/Pobrane/gcc-5-20160216/./configure --prefix=/opt/gcc-5.3.1/ --enable-lto --enable-tls --with-plugin-ld=/opt/binutils-2.26/bin/ld --disable-nls --enable-languages=c,c++ --disable-multilib --disable-bootstrap --disable-libstdcxx-pch --enable-threads=posix --enable-__cxa_atexit --enable-gnu-indirect-function --disable-libunwind-exceptions --enable-clocale=gnu --disable-libssp --enable-gnu-unique-object --enable-linker-build-id --enable-cloog-backend=isl --disable-isl-version-check --enable-plugin --enable-install-libiberty --with-linker-hash-style=gnu --disable-werror --disable-libcc1 --enable-checking=release --with-pkgversion=eXt73-build_v11.9]
  ignore line: [Thread model: posix]
  ignore line: [gcc version 5.3.1 20160216 (eXt73-build_v11.9) ]
  ignore line: [COMPILER_PATH=/opt/gcc-5.3.1/libexec/gcc/x86_64-unknown-linux-gnu/5.3.1/:/opt/gcc-5.3.1/libexec/gcc/x86_64-unknown-linux-gnu/5.3.1/:/opt/gcc-5.3.1/libexec/gcc/x86_64-unknown-linux-gnu/:/opt/gcc-5.3.1/lib/gcc/x86_64-unknown-linux-gnu/5.3.1/:/opt/gcc-5.3.1/lib/gcc/x86_64-unknown-linux-gnu/]
  ignore line: [LIBRARY_PATH=/opt/gcc-5.3.1/lib/gcc/x86_64-unknown-linux-gnu/5.3.1/:/opt/gcc-5.3.1/lib/gcc/x86_64-unknown-linux-gnu/5.3.1/../../../../lib64/:/lib/x86_64-linux-gnu/:/lib/../lib64/:/usr/lib/x86_64-linux-gnu/:/usr/lib/../lib64/:/opt/gcc-5.3.1/lib/gcc/x86_64-unknown-linux-gnu/5.3.1/../../../:/lib/:/usr/lib/]
  ignore line: [COLLECT_GCC_OPTIONS='-v' '-o' 'cmTryCompileExec4251580490' '-rdynamic' '-mtune=generic' '-march=x86-64']
  link line: [ /opt/gcc-5.3.1/libexec/gcc/x86_64-unknown-linux-gnu/5.3.1/collect2 -plugin /opt/gcc-5.3.1/libexec/gcc/x86_64-unknown-linux-gnu/5.3.1/liblto_plugin.so -plugin-opt=/opt/gcc-5.3.1/libexec/gcc/x86_64-unknown-linux-gnu/5.3.1/lto-wrapper -plugin-opt=-fresolution=/tmp/cci0ZL4I.res -plugin-opt=-pass-through=-lgcc -plugin-opt=-pass-through=-lgcc_s -plugin-opt=-pass-through=-lc -plugin-opt=-pass-through=-lgcc -plugin-opt=-pass-through=-lgcc_s --build-id --eh-frame-hdr --hash-style=gnu -m elf_x86_64 -export-dynamic -dynamic-linker /lib64/ld-linux-x86-64.so.2 -o cmTryCompileExec4251580490 /usr/lib/x86_64-linux-gnu/crt1.o /usr/lib/x86_64-linux-gnu/crti.o /opt/gcc-5.3.1/lib/gcc/x86_64-unknown-linux-gnu/5.3.1/crtbegin.o -L/opt/gcc-5.3.1/lib/gcc/x86_64-unknown-linux-gnu/5.3.1 -L/opt/gcc-5.3.1/lib/gcc/x86_64-unknown-linux-gnu/5.3.1/../../../../lib64 -L/lib/x86_64-linux-gnu -L/lib/../lib64 -L/usr/lib/x86_64-linux-gnu -L/usr/lib/../lib64 -L/opt/gcc-5.3.1/lib/gcc/x86_64-unknown-linux-gnu/5.3.1/../../.. CMakeFiles/cmTryCompileExec4251580490.dir/CMakeCCompilerABI.c.o -lgcc --as-needed -lgcc_s --no-as-needed -lc -lgcc --as-needed -lgcc_s --no-as-needed /opt/gcc-5.3.1/lib/gcc/x86_64-unknown-linux-gnu/5.3.1/crtend.o /usr/lib/x86_64-linux-gnu/crtn.o]
    arg [/opt/gcc-5.3.1/libexec/gcc/x86_64-unknown-linux-gnu/5.3.1/collect2] ==> ignore
    arg [-plugin] ==> ignore
    arg [/opt/gcc-5.3.1/libexec/gcc/x86_64-unknown-linux-gnu/5.3.1/liblto_plugin.so] ==> ignore
    arg [-plugin-opt=/opt/gcc-5.3.1/libexec/gcc/x86_64-unknown-linux-gnu/5.3.1/lto-wrapper] ==> ignore
    arg [-plugin-opt=-fresolution=/tmp/cci0ZL4I.res] ==> ignore
    arg [-plugin-opt=-pass-through=-lgcc] ==> ignore
    arg [-plugin-opt=-pass-through=-lgcc_s] ==> ignore
    arg [-plugin-opt=-pass-through=-lc] ==> ignore
    arg [-plugin-opt=-pass-through=-lgcc] ==> ignore
    arg [-plugin-opt=-pass-through=-lgcc_s] ==> ignore
    arg [--build-id] ==> ignore
    arg [--eh-frame-hdr] ==> ignore
    arg [--hash-style=gnu] ==> ignore
    arg [-m] ==> ignore
    arg [elf_x86_64] ==> ignore
    arg [-export-dynamic] ==> ignore
    arg [-dynamic-linker] ==> ignore
    arg [/lib64/ld-linux-x86-64.so.2] ==> ignore
    arg [-o] ==> ignore
    arg [cmTryCompileExec4251580490] ==> ignore
    arg [/usr/lib/x86_64-linux-gnu/crt1.o] ==> ignore
    arg [/usr/lib/x86_64-linux-gnu/crti.o] ==> ignore
    arg [/opt/gcc-5.3.1/lib/gcc/x86_64-unknown-linux-gnu/5.3.1/crtbegin.o] ==> ignore
    arg [-L/opt/gcc-5.3.1/lib/gcc/x86_64-unknown-linux-gnu/5.3.1] ==> dir [/opt/gcc-5.3.1/lib/gcc/x86_64-unknown-linux-gnu/5.3.1]
    arg [-L/opt/gcc-5.3.1/lib/gcc/x86_64-unknown-linux-gnu/5.3.1/../../../../lib64] ==> dir [/opt/gcc-5.3.1/lib/gcc/x86_64-unknown-linux-gnu/5.3.1/../../../../lib64]
    arg [-L/lib/x86_64-linux-gnu] ==> dir [/lib/x86_64-linux-gnu]
    arg [-L/lib/../lib64] ==> dir [/lib/../lib64]
    arg [-L/usr/lib/x86_64-linux-gnu] ==> dir [/usr/lib/x86_64-linux-gnu]
    arg [-L/usr/lib/../lib64] ==> dir [/usr/lib/../lib64]
    arg [-L/opt/gcc-5.3.1/lib/gcc/x86_64-unknown-linux-gnu/5.3.1/../../..] ==> dir [/opt/gcc-5.3.1/lib/gcc/x86_64-unknown-linux-gnu/5.3.1/../../..]
    arg [CMakeFiles/cmTryCompileExec4251580490.dir/CMakeCCompilerABI.c.o] ==> ignore
    arg [-lgcc] ==> lib [gcc]
    arg [--as-needed] ==> ignore
    arg [-lgcc_s] ==> lib [gcc_s]
    arg [--no-as-needed] ==> ignore
    arg [-lc] ==> lib [c]
    arg [-lgcc] ==> lib [gcc]
    arg [--as-needed] ==> ignore
    arg [-lgcc_s] ==> lib [gcc_s]
    arg [--no-as-needed] ==> ignore
    arg [/opt/gcc-5.3.1/lib/gcc/x86_64-unknown-linux-gnu/5.3.1/crtend.o] ==> ignore
    arg [/usr/lib/x86_64-linux-gnu/crtn.o] ==> ignore
  remove lib [gcc]
  remove lib [gcc_s]
  remove lib [gcc]
  remove lib [gcc_s]
  collapse library dir [/opt/gcc-5.3.1/lib/gcc/x86_64-unknown-linux-gnu/5.3.1] ==> [/opt/gcc-5.3.1/lib/gcc/x86_64-unknown-linux-gnu/5.3.1]
  collapse library dir [/opt/gcc-5.3.1/lib/gcc/x86_64-unknown-linux-gnu/5.3.1/../../../../lib64] ==> [/opt/gcc-5.3.1/lib64]
  collapse library dir [/lib/x86_64-linux-gnu] ==> [/lib/x86_64-linux-gnu]
  collapse library dir [/lib/../lib64] ==> [/lib64]
  collapse library dir [/usr/lib/x86_64-linux-gnu] ==> [/usr/lib/x86_64-linux-gnu]
  collapse library dir [/usr/lib/../lib64] ==> [/usr/lib64]
  collapse library dir [/opt/gcc-5.3.1/lib/gcc/x86_64-unknown-linux-gnu/5.3.1/../../..] ==> [/opt/gcc-5.3.1/lib]
  implicit libs: [c]
  implicit dirs: [/opt/gcc-5.3.1/lib/gcc/x86_64-unknown-linux-gnu/5.3.1;/opt/gcc-5.3.1/lib64;/lib/x86_64-linux-gnu;/lib64;/usr/lib/x86_64-linux-gnu;/usr/lib64;/opt/gcc-5.3.1/lib]
  implicit fwks: []




Detecting C [-std=c11] compiler features compiled with the following output:
Change Dir: /home/lewin/Projekty/C++/Caterpillars/Caterpillars/build/CMakeFiles/CMakeTmp

Run Build Command:"/usr/bin/make" "cmTryCompileExec935792897/fast"
/usr/bin/make -f CMakeFiles/cmTryCompileExec935792897.dir/build.make CMakeFiles/cmTryCompileExec935792897.dir/build
make[1]: Entering directory '/home/lewin/Projekty/C++/Caterpillars/Caterpillars/build/CMakeFiles/CMakeTmp'
/usr/bin/cmake -E cmake_progress_report /home/lewin/Projekty/C++/Caterpillars/Caterpillars/build/CMakeFiles/CMakeTmp/CMakeFiles 1
Building C object CMakeFiles/cmTryCompileExec935792897.dir/feature_tests.c.o
/usr/bin/cc   -std=c11 -o CMakeFiles/cmTryCompileExec935792897.dir/feature_tests.c.o   -c /home/lewin/Projekty/C++/Caterpillars/Caterpillars/build/CMakeFiles/feature_tests.c
Linking C executable cmTryCompileExec935792897
/usr/bin/cmake -E cmake_link_script CMakeFiles/cmTryCompileExec935792897.dir/link.txt --verbose=1
/usr/bin/cc       CMakeFiles/cmTryCompileExec935792897.dir/feature_tests.c.o  -o cmTryCompileExec935792897 -rdynamic 
make[1]: Leaving directory '/home/lewin/Projekty/C++/Caterpillars/Caterpillars/build/CMakeFiles/CMakeTmp'


    Feature record: C_FEATURE:1c_function_prototypes
    Feature record: C_FEATURE:1c_restrict
    Feature record: C_FEATURE:1c_static_assert
    Feature record: C_FEATURE:1c_variadic_macros


Detecting C [-std=c99] compiler features compiled with the following output:
Change Dir: /home/lewin/Projekty/C++/Caterpillars/Caterpillars/build/CMakeFiles/CMakeTmp

Run Build Command:"/usr/bin/make" "cmTryCompileExec1888211276/fast"
/usr/bin/make -f CMakeFiles/cmTryCompileExec1888211276.dir/build.make CMakeFiles/cmTryCompileExec1888211276.dir/build
make[1]: Entering directory '/home/lewin/Projekty/C++/Caterpillars/Caterpillars/build/CMakeFiles/CMakeTmp'
/usr/bin/cmake -E cmake_progress_report /home/lewin/Projekty/C++/Caterpillars/Caterpillars/build/CMakeFiles/CMakeTmp/CMakeFiles 1
Building C object CMakeFiles/cmTryCompileExec1888211276.dir/feature_tests.c.o
/usr/bin/cc   -std=c99 -o CMakeFiles/cmTryCompileExec1888211276.dir/feature_tests.c.o   -c /home/lewin/Projekty/C++/Caterpillars/Caterpillars/build/CMakeFiles/feature_tests.c
Linking C executable cmTryCompileExec1888211276
/usr/bin/cmake -E cmake_link_script CMakeFiles/cmTryCompileExec1888211276.dir/link.txt --verbose=1
/usr/bin/cc       CMakeFiles/cmTryCompileExec1888211276.dir/feature_tests.c.o  -o cmTryCompileExec1888211276 -rdynamic 
make[1]: Leaving directory '/home/lewin/Projekty/C++/Caterpillars/Caterpillars/build/CMakeFiles/CMakeTmp'


    Feature record: C_FEATURE:1c_function_prototypes
    Feature record: C_FEATURE:1c_restrict
    Feature record: C_FEATURE:0c_static_assert
    Feature record: C_FEATURE:1c_variadic_macros


Detecting C [-std=c90] compiler features compiled with the following output:
Change Dir: /home/lewin/Projekty/C++/Caterpillars/Caterpillars/build/CMakeFiles/CMakeTmp

Run Build Command:"/usr/bin/make" "cmTryCompileExec139599370/fast"
/usr/bin/make -f CMakeFiles/cmTryCompileExec139599370.dir/build.make CMakeFiles/cmTryCompileExec139599370.dir/build
make[1]: Entering directory '/home/lewin/Projekty/C++/Caterpillars/Caterpillars/build/CMakeFiles/CMakeTmp'
/usr/bin/cmake -E cmake_progress_report /home/lewin/Projekty/C++/Caterpillars/Caterpillars/build/CMakeFiles/CMakeTmp/CMakeFiles 1
Building C object CMakeFiles/cmTryCompileExec139599370.dir/feature_tests.c.o
/usr/bin/cc   -std=c90 -o CMakeFiles/cmTryCompileExec139599370.dir/feature_tests.c.o   -c /home/lewin/Projekty/C++/Caterpillars/Caterpillars/build/CMakeFiles/feature_tests.c
Linking C executable cmTryCompileExec139599370
/usr/bin/cmake -E cmake_link_script CMakeFiles/cmTryCompileExec139599370.dir/link.txt --verbose=1
/usr/bin/cc       CMakeFiles/cmTryCompileExec139599370.dir/feature_tests.c.o  -o cmTryCompileExec139599370 -rdynamic 
make[1]: Leaving directory '/home/lewin/Projekty/C++/Caterpillars/Caterpillars/build/CMakeFiles/CMakeTmp'


    Feature record: C_FEATURE:1c_function_prototypes
    Feature record: C_FEATURE:0c_restrict
    Feature record: C_FEATURE:0c_static_assert
    Feature record: C_FEATURE:0c_variadic_macros
Determining if the CXX compiler works passed with the following output:
Change Dir: /home/lewin/Projekty/C++/Caterpillars/Caterpillars/build/CMakeFiles/CMakeTmp

Run Build Command:"/usr/bin/make" "cmTryCompileExec2444549060/fast"
/usr/bin/make -f CMakeFiles/cmTryCompileExec2444549060.dir/build.make CMakeFiles/cmTryCompileExec2444549060.dir/build
make[1]: Entering directory '/home/lewin/Projekty/C++/Caterpillars/Caterpillars/build/CMakeFiles/CMakeTmp'
/usr/bin/cmake -E cmake_progress_report /home/lewin/Projekty/C++/Caterpillars/Caterpillars/build/CMakeFiles/CMakeTmp/CMakeFiles 1
Building CXX object CMakeFiles/cmTryCompileExec2444549060.dir/testCXXCompiler.cxx.o
/usr/bin/c++     -o CMakeFiles/cmTryCompileExec2444549060.dir/testCXXCompiler.cxx.o -c /home/lewin/Projekty/C++/Caterpillars/Caterpillars/build/CMakeFiles/CMakeTmp/testCXXCompiler.cxx
Linking CXX executable cmTryCompileExec2444549060
/usr/bin/cmake -E cmake_link_script CMakeFiles/cmTryCompileExec2444549060.dir/link.txt --verbose=1
/usr/bin/c++        CMakeFiles/cmTryCompileExec2444549060.dir/testCXXCompiler.cxx.o  -o cmTryCompileExec2444549060 -rdynamic 
make[1]: Leaving directory '/home/lewin/Projekty/C++/Caterpillars/Caterpillars/build/CMakeFiles/CMakeTmp'


Detecting CXX compiler ABI info compiled with the following output:
Change Dir: /home/lewin/Projekty/C++/Caterpillars/Caterpillars/build/CMakeFiles/CMakeTmp

Run Build Command:"/usr/bin/make" "cmTryCompileExec1790184191/fast"
/usr/bin/make -f CMakeFiles/cmTryCompileExec1790184191.dir/build.make CMakeFiles/cmTryCompileExec1790184191.dir/build
make[1]: Entering directory '/home/lewin/Projekty/C++/Caterpillars/Caterpillars/build/CMakeFiles/CMakeTmp'
/usr/bin/cmake -E cmake_progress_report /home/lewin/Projekty/C++/Caterpillars/Caterpillars/build/CMakeFiles/CMakeTmp/CMakeFiles 1
Building CXX object CMakeFiles/cmTryCompileExec1790184191.dir/CMakeCXXCompilerABI.cpp.o
/usr/bin/c++     -o CMakeFiles/cmTryCompileExec1790184191.dir/CMakeCXXCompilerABI.cpp.o -c /usr/share/cmake-3.2/Modules/CMakeCXXCompilerABI.cpp
Linking CXX executable cmTryCompileExec1790184191
/usr/bin/cmake -E cmake_link_script CMakeFiles/cmTryCompileExec1790184191.dir/link.txt --verbose=1
/usr/bin/c++       -v CMakeFiles/cmTryCompileExec1790184191.dir/CMakeCXXCompilerABI.cpp.o  -o cmTryCompileExec1790184191 -rdynamic  
Using built-in specs.
COLLECT_GCC=/usr/bin/c++
COLLECT_LTO_WRAPPER=/opt/gcc-5.3.1/libexec/gcc/x86_64-unknown-linux-gnu/5.3.1/lto-wrapper
Target: x86_64-unknown-linux-gnu
Configured with: /home/ext73/Pobrane/gcc-5-20160216/./configure --prefix=/opt/gcc-5.3.1/ --enable-lto --enable-tls --with-plugin-ld=/opt/binutils-2.26/bin/ld --disable-nls --enable-languages=c,c++ --disable-multilib --disable-bootstrap --disable-libstdcxx-pch --enable-threads=posix --enable-__cxa_atexit --enable-gnu-indirect-function --disable-libunwind-exceptions --enable-clocale=gnu --disable-libssp --enable-gnu-unique-object --enable-linker-build-id --enable-cloog-backend=isl --disable-isl-version-check --enable-plugin --enable-install-libiberty --with-linker-hash-style=gnu --disable-werror --disable-libcc1 --enable-checking=release --with-pkgversion=eXt73-build_v11.9
Thread model: posix
gcc version 5.3.1 20160216 (eXt73-build_v11.9) 
COMPILER_PATH=/opt/gcc-5.3.1/libexec/gcc/x86_64-unknown-linux-gnu/5.3.1/:/opt/gcc-5.3.1/libexec/gcc/x86_64-unknown-linux-gnu/5.3.1/:/opt/gcc-5.3.1/libexec/gcc/x86_64-unknown-linux-gnu/:/opt/gcc-5.3.1/lib/gcc/x86_64-unknown-linux-gnu/5.3.1/:/opt/gcc-5.3.1/lib/gcc/x86_64-unknown-linux-gnu/
LIBRARY_PATH=/opt/gcc-5.3.1/lib/gcc/x86_64-unknown-linux-gnu/5.3.1/:/opt/gcc-5.3.1/lib/gcc/x86_64-unknown-linux-gnu/5.3.1/../../../../lib64/:/lib/x86_64-linux-gnu/:/lib/../lib64/:/usr/lib/x86_64-linux-gnu/:/usr/lib/../lib64/:/opt/gcc-5.3.1/lib/gcc/x86_64-unknown-linux-gnu/5.3.1/../../../:/lib/:/usr/lib/
COLLECT_GCC_OPTIONS='-v' '-o' 'cmTryCompileExec1790184191' '-rdynamic' '-shared-libgcc' '-mtune=generic' '-march=x86-64'
 /opt/gcc-5.3.1/libexec/gcc/x86_64-unknown-linux-gnu/5.3.1/collect2 -plugin /opt/gcc-5.3.1/libexec/gcc/x86_64-unknown-linux-gnu/5.3.1/liblto_plugin.so -plugin-opt=/opt/gcc-5.3.1/libexec/gcc/x86_64-unknown-linux-gnu/5.3.1/lto-wrapper -plugin-opt=-fresolution=/tmp/cc9eerph.res -plugin-opt=-pass-through=-lgcc_s -plugin-opt=-pass-through=-lgcc -plugin-opt=-pass-through=-lc -plugin-opt=-pass-through=-lgcc_s -plugin-opt=-pass-through=-lgcc --build-id --eh-frame-hdr --hash-style=gnu -m elf_x86_64 -export-dynamic -dynamic-linker /lib64/ld-linux-x86-64.so.2 -o cmTryCompileExec1790184191 /usr/lib/x86_64-linux-gnu/crt1.o /usr/lib/x86_64-linux-gnu/crti.o /opt/gcc-5.3.1/lib/gcc/x86_64-unknown-linux-gnu/5.3.1/crtbegin.o -L/opt/gcc-5.3.1/lib/gcc/x86_64-unknown-linux-gnu/5.3.1 -L/opt/gcc-5.3.1/lib/gcc/x86_64-unknown-linux-gnu/5.3.1/../../../../lib64 -L/lib/x86_64-linux-gnu -L/lib/../lib64 -L/usr/lib/x86_64-linux-gnu -L/usr/lib/../lib64 -L/opt/gcc-5.3.1/lib/gcc/x86_64-unknown-linux-gnu/5.3.1/../../.. CMakeFiles/cmTryCompileExec1790184191.dir/CMakeCXXCompilerABI.cpp.o -lstdc++ -lm -lgcc_s -lgcc -lc -lgcc_s -lgcc /opt/gcc-5.3.1/lib/gcc/x86_64-unknown-linux-gnu/5.3.1/crtend.o /usr/lib/x86_64-linux-gnu/crtn.o
make[1]: Leaving directory '/home/lewin/Projekty/C++/Caterpillars/Caterpillars/build/CMakeFiles/CMakeTmp'


Parsed CXX implicit link information from above output:
  link line regex: [^( *|.*[/\])(ld|([^/\]+-)?ld|collect2)[^/\]*( |$)]
  ignore line: [Change Dir: /home/lewin/Projekty/C++/Caterpillars/Caterpillars/build/CMakeFiles/CMakeTmp]
  ignore line: []
  ignore line: [Run Build Command:"/usr/bin/make" "cmTryCompileExec1790184191/fast"]
  ignore line: [/usr/bin/make -f CMakeFiles/cmTryCompileExec1790184191.dir/build.make CMakeFiles/cmTryCompileExec1790184191.dir/build]
  ignore line: [make[1]: Entering directory '/home/lewin/Projekty/C++/Caterpillars/Caterpillars/build/CMakeFiles/CMakeTmp']
  ignore line: [/usr/bin/cmake -E cmake_progress_report /home/lewin/Projekty/C++/Caterpillars/Caterpillars/build/CMakeFiles/CMakeTmp/CMakeFiles 1]
  ignore line: [Building CXX object CMakeFiles/cmTryCompileExec1790184191.dir/CMakeCXXCompilerABI.cpp.o]
  ignore line: [/usr/bin/c++     -o CMakeFiles/cmTryCompileExec1790184191.dir/CMakeCXXCompilerABI.cpp.o -c /usr/share/cmake-3.2/Modules/CMakeCXXCompilerABI.cpp]
  ignore line: [Linking CXX executable cmTryCompileExec1790184191]
  ignore line: [/usr/bin/cmake -E cmake_link_script CMakeFiles/cmTryCompileExec1790184191.dir/link.txt --verbose=1]
  ignore line: [/usr/bin/c++       -v CMakeFiles/cmTryCompileExec1790184191.dir/CMakeCXXCompilerABI.cpp.o  -o cmTryCompileExec1790184191 -rdynamic  ]
  ignore line: [Using built-in specs.]
  ignore line: [COLLECT_GCC=/usr/bin/c++]
  ignore line: [COLLECT_LTO_WRAPPER=/opt/gcc-5.3.1/libexec/gcc/x86_64-unknown-linux-gnu/5.3.1/lto-wrapper]
  ignore line: [Target: x86_64-unknown-linux-gnu]
  ignore line: [Configured with: /home/ext73/Pobrane/gcc-5-20160216/./configure --prefix=/opt/gcc-5.3.1/ --enable-lto --enable-tls --with-plugin-ld=/opt/binutils-2.26/bin/ld --disable-nls --enable-languages=c,c++ --disable-multilib --disable-bootstrap --disable-libstdcxx-pch --enable-threads=posix --enable-__cxa_atexit --enable-gnu-indirect-function --disable-libunwind-exceptions --enable-clocale=gnu --disable-libssp --enable-gnu-unique-object --enable-linker-build-id --enable-cloog-backend=isl --disable-isl-version-check --enable-plugin --enable-install-libiberty --with-linker-hash-style=gnu --disable-werror --disable-libcc1 --enable-checking=release --with-pkgversion=eXt73-build_v11.9]
  ignore line: [Thread model: posix]
  ignore line: [gcc version 5.3.1 20160216 (eXt73-build_v11.9) ]
  ignore line: [COMPILER_PATH=/opt/gcc-5.3.1/libexec/gcc/x86_64-unknown-linux-gnu/5.3.1/:/opt/gcc-5.3.1/libexec/gcc/x86_64-unknown-linux-gnu/5.3.1/:/opt/gcc-5.3.1/libexec/gcc/x86_64-unknown-linux-gnu/:/opt/gcc-5.3.1/lib/gcc/x86_64-unknown-linux-gnu/5.3.1/:/opt/gcc-5.3.1/lib/gcc/x86_64-unknown-linux-gnu/]
  ignore line: [LIBRARY_PATH=/opt/gcc-5.3.1/lib/gcc/x86_64-unknown-linux-gnu/5.3.1/:/opt/gcc-5.3.1/lib/gcc/x86_64-unknown-linux-gnu/5.3.1/../../../../lib64/:/lib/x86_64-linux-gnu/:/lib/../lib64/:/usr/lib/x86_64-linux-gnu/:/usr/lib/../lib64/:/opt/gcc-5.3.1/lib/gcc/x86_64-unknown-linux-gnu/5.3.1/../../../:/lib/:/usr/lib/]
  ignore line: [COLLECT_GCC_OPTIONS='-v' '-o' 'cmTryCompileExec1790184191' '-rdynamic' '-shared-libgcc' '-mtune=generic' '-march=x86-64']
  link line: [ /opt/gcc-5.3.1/libexec/gcc/x86_64-unknown-linux-gnu/5.3.1/collect2 -plugin /opt/gcc-5.3.1/libexec/gcc/x86_64-unknown-linux-gnu/5.3.1/liblto_plugin.so -plugin-opt=/opt/gcc-5.3.1/libexec/gcc/x86_64-unknown-linux-gnu/5.3.1/lto-wrapper -plugin-opt=-fresolution=/tmp/cc9eerph.res -plugin-opt=-pass-through=-lgcc_s -plugin-opt=-pass-through=-lgcc -plugin-opt=-pass-through=-lc -plugin-opt=-pass-through=-lgcc_s -plugin-opt=-pass-through=-lgcc --build-id --eh-frame-hdr --hash-style=gnu -m elf_x86_64 -export-dynamic -dynamic-linker /lib64/ld-linux-x86-64.so.2 -o cmTryCompileExec1790184191 /usr/lib/x86_64-linux-gnu/crt1.o /usr/lib/x86_64-linux-gnu/crti.o /opt/gcc-5.3.1/lib/gcc/x86_64-unknown-linux-gnu/5.3.1/crtbegin.o -L/opt/gcc-5.3.1/lib/gcc/x86_64-unknown-linux-gnu/5.3.1 -L/opt/gcc-5.3.1/lib/gcc/x86_64-unknown-linux-gnu/5.3.1/../../../../lib64 -L/lib/x86_64-linux-gnu -L/lib/../lib64 -L/usr/lib/x86_64-linux-gnu -L/usr/lib/../lib64 -L/opt/gcc-5.3.1/lib/gcc/x86_64-unknown-linux-gnu/5.3.1/../../.. CMakeFiles/cmTryCompileExec1790184191.dir/CMakeCXXCompilerABI.cpp.o -lstdc++ -lm -lgcc_s -lgcc -lc -lgcc_s -lgcc /opt/gcc-5.3.1/lib/gcc/x86_64-unknown-linux-gnu/5.3.1/crtend.o /usr/lib/x86_64-linux-gnu/crtn.o]
    arg [/opt/gcc-5.3.1/libexec/gcc/x86_64-unknown-linux-gnu/5.3.1/collect2] ==> ignore
    arg [-plugin] ==> ignore
    arg [/opt/gcc-5.3.1/libexec/gcc/x86_64-unknown-linux-gnu/5.3.1/liblto_plugin.so] ==> ignore
    arg [-plugin-opt=/opt/gcc-5.3.1/libexec/gcc/x86_64-unknown-linux-gnu/5.3.1/lto-wrapper] ==> ignore
    arg [-plugin-opt=-fresolution=/tmp/cc9eerph.res] ==> ignore
    arg [-plugin-opt=-pass-through=-lgcc_s] ==> ignore
    arg [-plugin-opt=-pass-through=-lgcc] ==> ignore
    arg [-plugin-opt=-pass-through=-lc] ==> ignore
    arg [-plugin-opt=-pass-through=-lgcc_s] ==> ignore
    arg [-plugin-opt=-pass-through=-lgcc] ==> ignore
    arg [--build-id] ==> ignore
    arg [--eh-frame-hdr] ==> ignore
    arg [--hash-style=gnu] ==> ignore
    arg [-m] ==> ignore
    arg [elf_x86_64] ==> ignore
    arg [-export-dynamic] ==> ignore
    arg [-dynamic-linker] ==> ignore
    arg [/lib64/ld-linux-x86-64.so.2] ==> ignore
    arg [-o] ==> ignore
    arg [cmTryCompileExec1790184191] ==> ignore
    arg [/usr/lib/x86_64-linux-gnu/crt1.o] ==> ignore
    arg [/usr/lib/x86_64-linux-gnu/crti.o] ==> ignore
    arg [/opt/gcc-5.3.1/lib/gcc/x86_64-unknown-linux-gnu/5.3.1/crtbegin.o] ==> ignore
    arg [-L/opt/gcc-5.3.1/lib/gcc/x86_64-unknown-linux-gnu/5.3.1] ==> dir [/opt/gcc-5.3.1/lib/gcc/x86_64-unknown-linux-gnu/5.3.1]
    arg [-L/opt/gcc-5.3.1/lib/gcc/x86_64-unknown-linux-gnu/5.3.1/../../../../lib64] ==> dir [/opt/gcc-5.3.1/lib/gcc/x86_64-unknown-linux-gnu/5.3.1/../../../../lib64]
    arg [-L/lib/x86_64-linux-gnu] ==> dir [/lib/x86_64-linux-gnu]
    arg [-L/lib/../lib64] ==> dir [/lib/../lib64]
    arg [-L/usr/lib/x86_64-linux-gnu] ==> dir [/usr/lib/x86_64-linux-gnu]
    arg [-L/usr/lib/../lib64] ==> dir [/usr/lib/../lib64]
    arg [-L/opt/gcc-5.3.1/lib/gcc/x86_64-unknown-linux-gnu/5.3.1/../../..] ==> dir [/opt/gcc-5.3.1/lib/gcc/x86_64-unknown-linux-gnu/5.3.1/../../..]
    arg [CMakeFiles/cmTryCompileExec1790184191.dir/CMakeCXXCompilerABI.cpp.o] ==> ignore
    arg [-lstdc++] ==> lib [stdc++]
    arg [-lm] ==> lib [m]
    arg [-lgcc_s] ==> lib [gcc_s]
    arg [-lgcc] ==> lib [gcc]
    arg [-lc] ==> lib [c]
    arg [-lgcc_s] ==> lib [gcc_s]
    arg [-lgcc] ==> lib [gcc]
    arg [/opt/gcc-5.3.1/lib/gcc/x86_64-unknown-linux-gnu/5.3.1/crtend.o] ==> ignore
    arg [/usr/lib/x86_64-linux-gnu/crtn.o] ==> ignore
  remove lib [gcc_s]
  remove lib [gcc]
  remove lib [gcc_s]
  remove lib [gcc]
  collapse library dir [/opt/gcc-5.3.1/lib/gcc/x86_64-unknown-linux-gnu/5.3.1] ==> [/opt/gcc-5.3.1/lib/gcc/x86_64-unknown-linux-gnu/5.3.1]
  collapse library dir [/opt/gcc-5.3.1/lib/gcc/x86_64-unknown-linux-gnu/5.3.1/../../../../lib64] ==> [/opt/gcc-5.3.1/lib64]
  collapse library dir [/lib/x86_64-linux-gnu] ==> [/lib/x86_64-linux-gnu]
  collapse library dir [/lib/../lib64] ==> [/lib64]
  collapse library dir [/usr/lib/x86_64-linux-gnu] ==> [/usr/lib/x86_64-linux-gnu]
  collapse library dir [/usr/lib/../lib64] ==> [/usr/lib64]
  collapse library dir [/opt/gcc-5.3.1/lib/gcc/x86_64-unknown-linux-gnu/5.3.1/../../..] ==> [/opt/gcc-5.3.1/lib]
  implicit libs: [stdc++;m;c]
  implicit dirs: [/opt/gcc-5.3.1/lib/gcc/x86_64-unknown-linux-gnu/5.3.1;/opt/gcc-5.3.1/lib64;/lib/x86_64-linux-gnu;/lib64;/usr/lib/x86_64-linux-gnu;/usr/lib64;/opt/gcc-5.3.1/lib]
  implicit fwks: []




Detecting CXX [-std=c++14] compiler features compiled with the following output:
Change Dir: /home/lewin/Projekty/C++/Caterpillars/Caterpillars/build/CMakeFiles/CMakeTmp

Run Build Command:"/usr/bin/make" "cmTryCompileExec4265090734/fast"
/usr/bin/make -f CMakeFiles/cmTryCompileExec4265090734.dir/build.make CMakeFiles/cmTryCompileExec4265090734.dir/build
make[1]: Entering directory '/home/lewin/Projekty/C++/Caterpillars/Caterpillars/build/CMakeFiles/CMakeTmp'
/usr/bin/cmake -E cmake_progress_report /home/lewin/Projekty/C++/Caterpillars/Caterpillars/build/CMakeFiles/CMakeTmp/CMakeFiles 1
Building CXX object CMakeFiles/cmTryCompileExec4265090734.dir/feature_tests.cxx.o
/usr/bin/c++    -std=c++14 -o CMakeFiles/cmTryCompileExec4265090734.dir/feature_tests.cxx.o -c /home/lewin/Projekty/C++/Caterpillars/Caterpillars/build/CMakeFiles/feature_tests.cxx
Linking CXX executable cmTryCompileExec4265090734
/usr/bin/cmake -E cmake_link_script CMakeFiles/cmTryCompileExec4265090734.dir/link.txt --verbose=1
/usr/bin/c++        CMakeFiles/cmTryCompileExec4265090734.dir/feature_tests.cxx.o  -o cmTryCompileExec4265090734 -rdynamic 
make[1]: Leaving directory '/home/lewin/Projekty/C++/Caterpillars/Caterpillars/build/CMakeFiles/CMakeTmp'


    Feature record: CXX_FEATURE:1cxx_aggregate_default_initializers
    Feature record: CXX_FEATURE:1cxx_alias_templates
    Feature record: CXX_FEATURE:1cxx_alignas
    Feature record: CXX_FEATURE:1cxx_alignof
    Feature record: CXX_FEATURE:1cxx_attributes
    Feature record: CXX_FEATURE:1cxx_attribute_deprecated
    Feature record: CXX_FEATURE:1cxx_auto_type
    Feature record: CXX_FEATURE:1cxx_binary_literals
    Feature record: CXX_FEATURE:1cxx_constexpr
    Feature record: CXX_FEATURE:1cxx_contextual_conversions
    Feature record: CXX_FEATURE:1cxx_decltype
    Feature record: CXX_FEATURE:1cxx_decltype_auto
    Feature record: CXX_FEATURE:1cxx_decltype_incomplete_return_types
    Feature record: CXX_FEATURE:1cxx_default_function_template_args
    Feature record: CXX_FEATURE:1cxx_defaulted_functions
    Feature record: CXX_FEATURE:1cxx_defaulted_move_initializers
    Feature record: CXX_FEATURE:1cxx_delegating_constructors
    Feature record: CXX_FEATURE:1cxx_deleted_functions
    Feature record: CXX_FEATURE:1cxx_digit_separators
    Feature record: CXX_FEATURE:1cxx_enum_forward_declarations
    Feature record: CXX_FEATURE:1cxx_explicit_conversions
    Feature record: CXX_FEATURE:1cxx_extended_friend_declarations
    Feature record: CXX_FEATURE:1cxx_extern_templates
    Feature record: CXX_FEATURE:1cxx_final
    Feature record: CXX_FEATURE:1cxx_func_identifier
    Feature record: CXX_FEATURE:1cxx_generalized_initializers
    Feature record: CXX_FEATURE:1cxx_generic_lambdas
    Feature record: CXX_FEATURE:1cxx_inheriting_constructors
    Feature record: CXX_FEATURE:1cxx_inline_namespaces
    Feature record: CXX_FEATURE:1cxx_lambdas
    Feature record: CXX_FEATURE:1cxx_lambda_init_captures
    Feature record: CXX_FEATURE:1cxx_local_type_template_args
    Feature record: CXX_FEATURE:1cxx_long_long_type
    Feature record: CXX_FEATURE:1cxx_noexcept
    Feature record: CXX_FEATURE:1cxx_nonstatic_member_init
    Feature record: CXX_FEATURE:1cxx_nullptr
    Feature record: CXX_FEATURE:1cxx_override
    Feature record: CXX_FEATURE:1cxx_range_for
    Feature record: CXX_FEATURE:1cxx_raw_string_literals
    Feature record: CXX_FEATURE:1cxx_reference_qualified_functions
    Feature record: CXX_FEATURE:1cxx_relaxed_constexpr
    Feature record: CXX_FEATURE:1cxx_return_type_deduction
    Feature record: CXX_FEATURE:1cxx_right_angle_brackets
    Feature record: CXX_FEATURE:1cxx_rvalue_references
    Feature record: CXX_FEATURE:1cxx_sizeof_member
    Feature record: CXX_FEATURE:1cxx_static_assert
    Feature record: CXX_FEATURE:1cxx_strong_enums
    Feature record: CXX_FEATURE:1cxx_template_template_parameters
    Feature record: CXX_FEATURE:1cxx_thread_local
    Feature record: CXX_FEATURE:1cxx_trailing_return_types
    Feature record: CXX_FEATURE:1cxx_unicode_literals
    Feature record: CXX_FEATURE:1cxx_uniform_initialization
    Feature record: CXX_FEATURE:1cxx_unrestricted_unions
    Feature record: CXX_FEATURE:1cxx_user_literals
    Feature record: CXX_FEATURE:1cxx_variable_templates
    Feature record: CXX_FEATURE:1cxx_variadic_macros
    Feature record: CXX_FEATURE:1cxx_variadic_templates


Detecting CXX [-std=c++11] compiler features compiled with the following output:
Change Dir: /home/lewin/Projekty/C++/Caterpillars/Caterpillars/build/CMakeFiles/CMakeTmp

Run Build Command:"/usr/bin/make" "cmTryCompileExec3814171515/fast"
/usr/bin/make -f CMakeFiles/cmTryCompileExec3814171515.dir/build.make CMakeFiles/cmTryCompileExec3814171515.dir/build
make[1]: Entering directory '/home/lewin/Projekty/C++/Caterpillars/Caterpillars/build/CMakeFiles/CMakeTmp'
/usr/bin/cmake -E cmake_progress_report /home/lewin/Projekty/C++/Caterpillars/Caterpillars/build/CMakeFiles/CMakeTmp/CMakeFiles 1
Building CXX object CMakeFiles/cmTryCompileExec3814171515.dir/feature_tests.cxx.o
/usr/bin/c++    -std=c++11 -o CMakeFiles/cmTryCompileExec3814171515.dir/feature_tests.cxx.o -c /home/lewin/Projekty/C++/Caterpillars/Caterpillars/build/CMakeFiles/feature_tests.cxx
Linking CXX executable cmTryCompileExec3814171515
/usr/bin/cmake -E cmake_link_script CMakeFiles/cmTryCompileExec3814171515.dir/link.txt --verbose=1
/usr/bin/c++        CMakeFiles/cmTryCompileExec3814171515.dir/feature_tests.cxx.o  -o cmTryCompileExec3814171515 -rdynamic 
make[1]: Leaving directory '/home/lewin/Projekty/C++/Caterpillars/Caterpillars/build/CMakeFiles/CMakeTmp'


    Feature record: CXX_FEATURE:0cxx_aggregate_default_initializers
    Feature record: CXX_FEATURE:1cxx_alias_templates
    Feature record: CXX_FEATURE:1cxx_alignas
    Feature record: CXX_FEATURE:1cxx_alignof
    Feature record: CXX_FEATURE:1cxx_attributes
    Feature record: CXX_FEATURE:0cxx_attribute_deprecated
    Feature record: CXX_FEATURE:1cxx_auto_type
    Feature record: CXX_FEATURE:0cxx_binary_literals
    Feature record: CXX_FEATURE:1cxx_constexpr
    Feature record: CXX_FEATURE:0cxx_contextual_conversions
    Feature record: CXX_FEATURE:1cxx_decltype
    Feature record: CXX_FEATURE:0cxx_decltype_auto
    Feature record: CXX_FEATURE:1cxx_decltype_incomplete_return_types
    Feature record: CXX_FEATURE:1cxx_default_function_template_args
    Feature record: CXX_FEATURE:1cxx_defaulted_functions
    Feature record: CXX_FEATURE:1cxx_defaulted_move_initializers
    Feature record: CXX_FEATURE:1cxx_delegating_constructors
    Feature record: CXX_FEATURE:1cxx_deleted_functions
    Feature record: CXX_FEATURE:0cxx_digit_separators
    Feature record: CXX_FEATURE:1cxx_enum_forward_declarations
    Feature record: CXX_FEATURE:1cxx_explicit_conversions
    Feature record: CXX_FEATURE:1cxx_extended_friend_declarations
    Feature record: CXX_FEATURE:1cxx_extern_templates
    Feature record: CXX_FEATURE:1cxx_final
    Feature record: CXX_FEATURE:1cxx_func_identifier
    Feature record: CXX_FEATURE:1cxx_generalized_initializers
    Feature record: CXX_FEATURE:0cxx_generic_lambdas
    Feature record: CXX_FEATURE:1cxx_inheriting_constructors
    Feature record: CXX_FEATURE:1cxx_inline_namespaces
    Feature record: CXX_FEATURE:1cxx_lambdas
    Feature record: CXX_FEATURE:0cxx_lambda_init_captures
    Feature record: CXX_FEATURE:1cxx_local_type_template_args
    Feature record: CXX_FEATURE:1cxx_long_long_type
    Feature record: CXX_FEATURE:1cxx_noexcept
    Feature record: CXX_FEATURE:1cxx_nonstatic_member_init
    Feature record: CXX_FEATURE:1cxx_nullptr
    Feature record: CXX_FEATURE:1cxx_override
    Feature record: CXX_FEATURE:1cxx_range_for
    Feature record: CXX_FEATURE:1cxx_raw_string_literals
    Feature record: CXX_FEATURE:1cxx_reference_qualified_functions
    Feature record: CXX_FEATURE:0cxx_relaxed_constexpr
    Feature record: CXX_FEATURE:0cxx_return_type_deduction
    Feature record: CXX_FEATURE:1cxx_right_angle_brackets
    Feature record: CXX_FEATURE:1cxx_rvalue_references
    Feature record: CXX_FEATURE:1cxx_sizeof_member
    Feature record: CXX_FEATURE:1cxx_static_assert
    Feature record: CXX_FEATURE:1cxx_strong_enums
    Feature record: CXX_FEATURE:1cxx_template_template_parameters
    Feature record: CXX_FEATURE:1cxx_thread_local
    Feature record: CXX_FEATURE:1cxx_trailing_return_types
    Feature record: CXX_FEATURE:1cxx_unicode_literals
    Feature record: CXX_FEATURE:1cxx_uniform_initialization
    Feature record: CXX_FEATURE:1cxx_unrestricted_unions
    Feature record: CXX_FEATURE:1cxx_user_literals
    Feature record: CXX_FEATURE:0cxx_variable_templates
    Feature record: CXX_FEATURE:1cxx_variadic_macros
    Feature record: CXX_FEATURE:1cxx_variadic_templates


Detecting CXX [-std=c++98] compiler features compiled with the following output:
Change Dir: /home/lewin/Projekty/C++/Caterpillars/Caterpillars/build/CMakeFiles/CMakeTmp

Run Build Command:"/usr/bin/make" "cmTryCompileExec3915439209/fast"
/usr/bin/make -f CMakeFiles/cmTryCompileExec3915439209.dir/build.make CMakeFiles/cmTryCompileExec3915439209.dir/build
make[1]: Entering directory '/home/lewin/Projekty/C++/Caterpillars/Caterpillars/build/CMakeFiles/CMakeTmp'
/usr/bin/cmake -E cmake_progress_report /home/lewin/Projekty/C++/Caterpillars/Caterpillars/build/CMakeFiles/CMakeTmp/CMakeFiles 1
Building CXX object CMakeFiles/cmTryCompileExec3915439209.dir/feature_tests.cxx.o
/usr/bin/c++    -std=c++98 -o CMakeFiles/cmTryCompileExec3915439209.dir/feature_tests.cxx.o -c /home/lewin/Projekty/C++/Caterpillars/Caterpillars/build/CMakeFiles/feature_tests.cxx
Linking CXX executable cmTryCompileExec3915439209
/usr/bin/cmake -E cmake_link_script CMakeFiles/cmTryCompileExec3915439209.dir/link.txt --verbose=1
/usr/bin/c++        CMakeFiles/cmTryCompileExec3915439209.dir/feature_tests.cxx.o  -o cmTryCompileExec3915439209 -rdynamic 
make[1]: Leaving directory '/home/lewin/Projekty/C++/Caterpillars/Caterpillars/build/CMakeFiles/CMakeTmp'


    Feature record: CXX_FEATURE:0cxx_aggregate_default_initializers
    Feature record: CXX_FEATURE:0cxx_alias_templates
    Feature record: CXX_FEATURE:0cxx_alignas
    Feature record: CXX_FEATURE:0cxx_alignof
    Feature record: CXX_FEATURE:0cxx_attributes
    Feature record: CXX_FEATURE:0cxx_attribute_deprecated
    Feature record: CXX_FEATURE:0cxx_auto_type
    Feature record: CXX_FEATURE:0cxx_binary_literals
    Feature record: CXX_FEATURE:0cxx_constexpr
    Feature record: CXX_FEATURE:0cxx_contextual_conversions
    Feature record: CXX_FEATURE:0cxx_decltype
    Feature record: CXX_FEATURE:0cxx_decltype_auto
    Feature record: CXX_FEATURE:0cxx_decltype_incomplete_return_types
    Feature record: CXX_FEATURE:0cxx_default_function_template_args
    Feature record: CXX_FEATURE:0cxx_defaulted_functions
    Feature record: CXX_FEATURE:0cxx_defaulted_move_initializers
    Feature record: CXX_FEATURE:0cxx_delegating_constructors
    Feature record: CXX_FEATURE:0cxx_deleted_functions
    Feature record: CXX_FEATURE:0cxx_digit_separators
    Feature record: CXX_FEATURE:0cxx_enum_forward_declarations
    Feature record: CXX_FEATURE:0cxx_explicit_conversions
    Feature record: CXX_FEATURE:0cxx_extended_friend_declarations
    Feature record: CXX_FEATURE:0cxx_extern_templates
    Feature record: CXX_FEATURE:0cxx_final
    Feature record: CXX_FEATURE:0cxx_func_identifier
    Feature record: CXX_FEATURE:0cxx_generalized_initializers
    Feature record: CXX_FEATURE:0cxx_generic_lambdas
    Feature record: CXX_FEATURE:0cxx_inheriting_constructors
    Feature record: CXX_FEATURE:0cxx_inline_namespaces
    Feature record: CXX_FEATURE:0cxx_lambdas
    Feature record: CXX_FEATURE:0cxx_lambda_init_captures
    Feature record: CXX_FEATURE:0cxx_local_type_template_args
    Feature record: CXX_FEATURE:0cxx_long_long_type
    Feature record: CXX_FEATURE:0cxx_noexcept
    Feature record: CXX_FEATURE:0cxx_nonstatic_member_init
    Feature record: CXX_FEATURE:0cxx_nullptr
    Feature record: CXX_FEATURE:0cxx_override
    Feature record: CXX_FEATURE:0cxx_range_for
    Feature record: CXX_FEATURE:0cxx_raw_string_literals
    Feature record: CXX_FEATURE:0cxx_reference_qualified_functions
    Feature record: CXX_FEATURE:0cxx_relaxed_constexpr
    Feature record: CXX_FEATURE:0cxx_return_type_deduction
    Feature record: CXX_FEATURE:0cxx_right_angle_brackets
    Feature record: CXX_FEATURE:0cxx_rvalue_references
    Feature record: CXX_FEATURE:0cxx_sizeof_member
    Feature record: CXX_FEATURE:0cxx_static_assert
    Feature record: CXX_FEATURE:0cxx_strong_enums
    Feature record: CXX_FEATURE:1cxx_template_template_parameters
    Feature record: CXX_FEATURE:0cxx_thread_local
    Feature record: CXX_FEATURE:0cxx_trailing_return_types
    Feature record: CXX_FEATURE:0cxx_unicode_literals
    Feature record: CXX_FEATURE:0cxx_uniform_initialization
    Feature record: CXX_FEATURE:0cxx_unrestricted_unions
    Feature record: CXX_FEATURE:0cxx_user_literals
    Feature record: CXX_FEATURE:0cxx_variable_templates
    Feature record: CXX_FEATURE:0cxx_variadic_macros
    Feature record: CXX_FEATURE:0cxx_variadic_templates
